This is pdfTeX, Version 3.141592653-2.6-1.40.24 (MiKTeX 22.3) (preloaded format=pdflatex 2024.11.18)  20 MAY 2025 16:20
entering extended mode
 restricted \write18 enabled.
 file:line:error style messages enabled.
 %&-line parsing enabled.
**./main.tex
(main.tex
LaTeX2e <2021-11-15> patch level 1
L3 programming layer <2022-05-04>
(C:\Users\raymo\AppData\Local\Programs\MiKTeX\tex/latex/amscls\amsart.cls
Document Class: amsart 2020/05/29 v2.20.6
\linespacing=\dimen138
\normalparindent=\dimen139
\normaltopskip=\skip47
(C:\Users\raymo\AppData\Local\Programs\MiKTeX\tex/latex/amsmath\amsmath.sty
Package: amsmath 2021/10/15 v2.17l AMS math features
\@mathmargin=\skip48

For additional information on amsmath, use the `?' option.
(C:\Users\raymo\AppData\Local\Programs\MiKTeX\tex/latex/amsmath\amstext.sty
Package: amstext 2021/08/26 v2.01 AMS text

(C:\Users\raymo\AppData\Local\Programs\MiKTeX\tex/latex/amsmath\amsgen.sty
File: amsgen.sty 1999/11/30 v2.0 generic functions
\@emptytoks=\toks16
\ex@=\dimen140
))
(C:\Users\raymo\AppData\Local\Programs\MiKTeX\tex/latex/amsmath\amsbsy.sty
Package: amsbsy 1999/11/29 v1.2d Bold Symbols
\pmbraise@=\dimen141
)
(C:\Users\raymo\AppData\Local\Programs\MiKTeX\tex/latex/amsmath\amsopn.sty
Package: amsopn 2021/08/26 v2.02 operator names
)
\inf@bad=\count185
LaTeX Info: Redefining \frac on input line 234.
\uproot@=\count186
\leftroot@=\count187
LaTeX Info: Redefining \overline on input line 399.
\classnum@=\count188
\DOTSCASE@=\count189
LaTeX Info: Redefining \ldots on input line 496.
LaTeX Info: Redefining \dots on input line 499.
LaTeX Info: Redefining \cdots on input line 620.
\Mathstrutbox@=\box50
\strutbox@=\box51
\big@size=\dimen142
LaTeX Font Info:    Redeclaring font encoding OML on input line 743.
LaTeX Font Info:    Redeclaring font encoding OMS on input line 744.
\macc@depth=\count190
\c@MaxMatrixCols=\count191
\dotsspace@=\muskip16
\c@parentequation=\count192
\dspbrk@lvl=\count193
\tag@help=\toks17
\row@=\count194
\column@=\count195
\maxfields@=\count196
\andhelp@=\toks18
\eqnshift@=\dimen143
\alignsep@=\dimen144
\tagshift@=\dimen145
\tagwidth@=\dimen146
\totwidth@=\dimen147
\lineht@=\dimen148
\@envbody=\toks19
\multlinegap=\skip49
\multlinetaggap=\skip50
\mathdisplay@stack=\toks20
LaTeX Info: Redefining \[ on input line 2938.
LaTeX Info: Redefining \] on input line 2939.
)
LaTeX Font Info:    Trying to load font information for U+msa on input line 397
.

(C:\Users\raymo\AppData\Local\Programs\MiKTeX\tex/latex/amsfonts\umsa.fd
File: umsa.fd 2013/01/14 v3.01 AMS symbols A
)
(C:\Users\raymo\AppData\Local\Programs\MiKTeX\tex/latex/amsfonts\amsfonts.sty
Package: amsfonts 2013/01/14 v3.01 Basic AMSFonts support
\symAMSa=\mathgroup4
\symAMSb=\mathgroup5
LaTeX Font Info:    Redeclaring math symbol \hbar on input line 98.
LaTeX Font Info:    Overwriting math alphabet `\mathfrak' in version `bold'
(Font)                  U/euf/m/n --> U/euf/b/n on input line 106.
)
\copyins=\insert199
\abstractbox=\box52
\listisep=\skip51
\c@part=\count197
\c@section=\count198
\c@subsection=\count266
\c@subsubsection=\count267
\c@paragraph=\count268
\c@subparagraph=\count269
\c@figure=\count270
\c@table=\count271
\abovecaptionskip=\skip52
\belowcaptionskip=\skip53
\captionindent=\dimen149
\thm@style=\toks21
\thm@bodyfont=\toks22
\thm@headfont=\toks23
\thm@notefont=\toks24
\thm@headpunct=\toks25
\thm@preskip=\skip54
\thm@postskip=\skip55
\thm@headsep=\skip56
\dth@everypar=\toks26
) (proc.sty
(C:\Users\raymo\AppData\Local\Programs\MiKTeX\tex/latex/base\fontenc.sty
Package: fontenc 2021/04/29 v2.0v Standard LaTeX package
)
(C:\Users\raymo\AppData\Local\Programs\MiKTeX\tex/latex/graphics\graphicx.sty
Package: graphicx 2021/09/16 v1.2d Enhanced LaTeX Graphics (DPC,SPQR)

(C:\Users\raymo\AppData\Local\Programs\MiKTeX\tex/latex/graphics\keyval.sty
Package: keyval 2014/10/28 v1.15 key=value parser (DPC)
\KV@toks@=\toks27
)
(C:\Users\raymo\AppData\Local\Programs\MiKTeX\tex/latex/graphics\graphics.sty
Package: graphics 2021/03/04 v1.4d Standard LaTeX Graphics (DPC,SPQR)

(C:\Users\raymo\AppData\Local\Programs\MiKTeX\tex/latex/graphics\trig.sty
Package: trig 2021/08/11 v1.11 sin cos tan (DPC)
)
(C:\Users\raymo\AppData\Local\Programs\MiKTeX\tex/latex/graphics-cfg\graphics.c
fg
File: graphics.cfg 2016/06/04 v1.11 sample graphics configuration
)
Package graphics Info: Driver file: pdftex.def on input line 107.

(C:\Users\raymo\AppData\Local\Programs\MiKTeX\tex/latex/graphics-def\pdftex.def
File: pdftex.def 2020/10/05 v1.2a Graphics/color driver for pdftex
))
\Gin@req@height=\dimen150
\Gin@req@width=\dimen151
)
(C:\Users\raymo\AppData\Local\Programs\MiKTeX\tex/latex/geometry\geometry.sty
Package: geometry 2020/01/02 v5.9 Page Geometry

(C:\Users\raymo\AppData\Local\Programs\MiKTeX\tex/generic/iftex\ifvtex.sty
Package: ifvtex 2019/10/25 v1.7 ifvtex legacy package. Use iftex instead.

(C:\Users\raymo\AppData\Local\Programs\MiKTeX\tex/generic/iftex\iftex.sty
Package: iftex 2022/02/03 v1.0f TeX engine tests
))
\Gm@cnth=\count272
\Gm@cntv=\count273
\c@Gm@tempcnt=\count274
\Gm@bindingoffset=\dimen152
\Gm@wd@mp=\dimen153
\Gm@odd@mp=\dimen154
\Gm@even@mp=\dimen155
\Gm@layoutwidth=\dimen156
\Gm@layoutheight=\dimen157
\Gm@layouthoffset=\dimen158
\Gm@layoutvoffset=\dimen159
\Gm@dimlist=\toks28

(C:\Users\raymo\AppData\Local\Programs\MiKTeX\tex/latex/geometry\geometry.cfg))
(C:\Users\raymo\AppData\Local\Programs\MiKTeX\tex/latex/lineno\lineno.sty
Package: lineno 2025/01/29 line numbers on paragraphs v5.4

(C:\Users\raymo\AppData\Local\Programs\MiKTeX\tex/latex/etoolbox\etoolbox.sty
Package: etoolbox 2020/10/05 v2.5k e-TeX tools for LaTeX (JAW)
\etb@tempcnta=\count275
)
(C:\Users\raymo\AppData\Local\Programs\MiKTeX\tex/latex/kvoptions\kvoptions.sty
Package: kvoptions 2022-06-15 v3.15 Key value format for package options (HO)
(C:\Users\raymo\AppData\Local\Programs\MiKTeX\tex/generic/ltxcmds\ltxcmds.sty
Package: ltxcmds 2023-12-04 v1.26 LaTeX kernel commands for general use (HO)
)
(C:\Users\raymo\AppData\Local\Programs\MiKTeX\tex/latex/kvsetkeys\kvsetkeys.sty
Package: kvsetkeys 2022-10-05 v1.19 Key value parser (HO)
))
\linenopenalty=\count276
\output=\toks29
\linenoprevgraf=\count277
\linenumbersep=\dimen160
\linenumberwidth=\dimen161
\c@linenumber=\count278
\c@pagewiselinenumber=\count279
\c@LN@truepage=\count280
\c@internallinenumber=\count281
\c@internallinenumbers=\count282
\quotelinenumbersep=\dimen162
\bframerule=\dimen163
\bframesep=\dimen164
\bframebox=\box53
\@LN@amsmath@ams@eqpen=\count283
LaTeX Info: Redefining \\ on input line 3187.
)
(C:\Users\raymo\AppData\Local\Programs\MiKTeX\tex/latex/biblatex\biblatex.sty
Package: biblatex 2022/02/02 v3.17 programmable bibliographies (PK/MW)

(C:\Users\raymo\AppData\Local\Programs\MiKTeX\tex/generic/pdftexcmds\pdftexcmds
.sty
Package: pdftexcmds 2020-06-27 v0.33 Utility functions of pdfTeX for LuaTeX (HO
)

(C:\Users\raymo\AppData\Local\Programs\MiKTeX\tex/generic/infwarerr\infwarerr.s
ty
Package: infwarerr 2019/12/03 v1.5 Providing info/warning/error messages (HO)
)
Package pdftexcmds Info: \pdf@primitive is available.
Package pdftexcmds Info: \pdf@ifprimitive is available.
Package pdftexcmds Info: \pdfdraftmode found.
) (C:\Users\raymo\AppData\Local\Programs\MiKTeX\tex/latex/logreq\logreq.sty
Package: logreq 2010/08/04 v1.0 xml request logger
\lrq@indent=\count284

(C:\Users\raymo\AppData\Local\Programs\MiKTeX\tex/latex/logreq\logreq.def
File: logreq.def 2010/08/04 v1.0 logreq spec v1.0
))
(C:\Users\raymo\AppData\Local\Programs\MiKTeX\tex/latex/base\ifthen.sty
Package: ifthen 2020/11/24 v1.1c Standard LaTeX ifthen package (DPC)
)
(C:\Users\raymo\AppData\Local\Programs\MiKTeX\tex/latex/url\url.sty
\Urlmuskip=\muskip17
Package: url 2013/09/16  ver 3.4  Verb mode for urls, etc.
)
\c@tabx@nest=\count285
\c@listtotal=\count286
\c@listcount=\count287
\c@liststart=\count288
\c@liststop=\count289
\c@citecount=\count290
\c@citetotal=\count291
\c@multicitecount=\count292
\c@multicitetotal=\count293
\c@instcount=\count294
\c@maxnames=\count295
\c@minnames=\count296
\c@maxitems=\count297
\c@minitems=\count298
\c@citecounter=\count299
\c@maxcitecounter=\count300
\c@savedcitecounter=\count301
\c@uniquelist=\count302
\c@uniquename=\count303
\c@refsection=\count304
\c@refsegment=\count305
\c@maxextratitle=\count306
\c@maxextratitleyear=\count307
\c@maxextraname=\count308
\c@maxextradate=\count309
\c@maxextraalpha=\count310
\c@abbrvpenalty=\count311
\c@highnamepenalty=\count312
\c@lownamepenalty=\count313
\c@maxparens=\count314
\c@parenlevel=\count315
\blx@tempcnta=\count316
\blx@tempcntb=\count317
\blx@tempcntc=\count318
\c@blx@maxsection=\count319
\c@blx@maxsegment@0=\count320
\blx@notetype=\count321
\blx@parenlevel@text=\count322
\blx@parenlevel@foot=\count323
\c@blx@sectionciteorder@0=\count324
\blx@entrysetcounter=\count325
\blx@biblioinstance=\count326
\labelnumberwidth=\skip57
\labelalphawidth=\skip58
\biblabelsep=\skip59
\bibitemsep=\skip60
\bibnamesep=\skip61
\bibinitsep=\skip62
\bibparsep=\skip63
\bibhang=\skip64
\blx@bcfin=\read2
\blx@bcfout=\write3
\blx@langwohyphens=\language79
\c@mincomprange=\count327
\c@maxcomprange=\count328
\c@mincompwidth=\count329
Package biblatex Info: Trying to load biblatex default data model...
Package biblatex Info: ... file 'blx-dm.def' found.

(C:\Users\raymo\AppData\Local\Programs\MiKTeX\tex/latex/biblatex\blx-dm.def
File: blx-dm.def 2022/02/02 v3.17 biblatex localization (PK/MW)
)
Package biblatex Info: Trying to load biblatex style data model...
Package biblatex Info: ... file 'alphabetic.dbx' not found.
Package biblatex Info: Trying to load biblatex custom data model...
Package biblatex Info: ... file 'biblatex-dm.cfg' not found.
\c@afterword=\count330
\c@savedafterword=\count331
\c@annotator=\count332
\c@savedannotator=\count333
\c@author=\count334
\c@savedauthor=\count335
\c@bookauthor=\count336
\c@savedbookauthor=\count337
\c@commentator=\count338
\c@savedcommentator=\count339
\c@editor=\count340
\c@savededitor=\count341
\c@editora=\count342
\c@savededitora=\count343
\c@editorb=\count344
\c@savededitorb=\count345
\c@editorc=\count346
\c@savededitorc=\count347
\c@foreword=\count348
\c@savedforeword=\count349
\c@holder=\count350
\c@savedholder=\count351
\c@introduction=\count352
\c@savedintroduction=\count353
\c@namea=\count354
\c@savednamea=\count355
\c@nameb=\count356
\c@savednameb=\count357
\c@namec=\count358
\c@savednamec=\count359
\c@translator=\count360
\c@savedtranslator=\count361
\c@shortauthor=\count362
\c@savedshortauthor=\count363
\c@shorteditor=\count364
\c@savedshorteditor=\count365
\c@labelname=\count366
\c@savedlabelname=\count367
\c@institution=\count368
\c@savedinstitution=\count369
\c@lista=\count370
\c@savedlista=\count371
\c@listb=\count372
\c@savedlistb=\count373
\c@listc=\count374
\c@savedlistc=\count375
\c@listd=\count376
\c@savedlistd=\count377
\c@liste=\count378
\c@savedliste=\count379
\c@listf=\count380
\c@savedlistf=\count381
\c@location=\count382
\c@savedlocation=\count383
\c@organization=\count384
\c@savedorganization=\count385
\c@origlocation=\count386
\c@savedoriglocation=\count387
\c@origpublisher=\count388
\c@savedorigpublisher=\count389
\c@publisher=\count390
\c@savedpublisher=\count391
\c@language=\count392
\c@savedlanguage=\count393
\c@origlanguage=\count394
\c@savedoriglanguage=\count395
\c@pageref=\count396
\c@savedpageref=\count397
\shorthandwidth=\skip65
\shortjournalwidth=\skip66
\shortserieswidth=\skip67
\shorttitlewidth=\skip68
\shortauthorwidth=\skip69
\shorteditorwidth=\skip70
\locallabelnumberwidth=\skip71
\locallabelalphawidth=\skip72
\localshorthandwidth=\skip73
\localshortjournalwidth=\skip74
\localshortserieswidth=\skip75
\localshorttitlewidth=\skip76
\localshortauthorwidth=\skip77
\localshorteditorwidth=\skip78
Package biblatex Info: Trying to load compatibility code...
Package biblatex Info: ... file 'blx-compat.def' found.

(C:\Users\raymo\AppData\Local\Programs\MiKTeX\tex/latex/biblatex\blx-compat.def
File: blx-compat.def 2022/02/02 v3.17 biblatex compatibility (PK/MW)
)
Package biblatex Info: Trying to load generic definitions...
Package biblatex Info: ... file 'biblatex.def' found.
 (C:\Users\raymo\AppData\Local\Programs\MiKTeX\tex/latex/biblatex\biblatex.def
File: biblatex.def 2022/02/02 v3.17 biblatex compatibility (PK/MW)
\c@textcitecount=\count398
\c@textcitetotal=\count399
\c@textcitemaxnames=\count400
\c@biburlbigbreakpenalty=\count401
\c@biburlbreakpenalty=\count402
\c@biburlnumpenalty=\count403
\c@biburlucpenalty=\count404
\c@biburllcpenalty=\count405
\biburlbigskip=\muskip18
\biburlnumskip=\muskip19
\biburlucskip=\muskip20
\biburllcskip=\muskip21
\c@smartand=\count406
)
Package biblatex Info: Trying to load bibliography style 'alphabetic'...
Package biblatex Info: ... file 'alphabetic.bbx' found.

(C:\Users\raymo\AppData\Local\Programs\MiKTeX\tex/latex/biblatex/bbx\alphabetic
.bbx
File: alphabetic.bbx 2022/02/02 v3.17 biblatex bibliography style (PK/MW)
Package biblatex Info: Trying to load bibliography style 'standard'...
Package biblatex Info: ... file 'standard.bbx' found.

(C:\Users\raymo\AppData\Local\Programs\MiKTeX\tex/latex/biblatex/bbx\standard.b
bx
File: standard.bbx 2022/02/02 v3.17 biblatex bibliography style (PK/MW)
\c@bbx:relatedcount=\count407
\c@bbx:relatedtotal=\count408
))
Package biblatex Info: Trying to load citation style 'alphabetic'...
Package biblatex Info: ... file 'alphabetic.cbx' found.

(C:\Users\raymo\AppData\Local\Programs\MiKTeX\tex/latex/biblatex/cbx\alphabetic
.cbx
File: alphabetic.cbx 2022/02/02 v3.17 biblatex citation style (PK/MW)
Package biblatex Info: Redefining '\cite'.
Package biblatex Info: Redefining '\parencite'.
Package biblatex Info: Redefining '\footcite'.
Package biblatex Info: Redefining '\footcitetext'.
Package biblatex Info: Redefining '\smartcite'.
Package biblatex Info: Redefining '\textcite'.
Package biblatex Info: Redefining '\textcites'.
Package biblatex Info: Redefining '\cites'.
Package biblatex Info: Redefining '\parencites'.
Package biblatex Info: Redefining '\smartcites'.
)
Package biblatex Info: Trying to load configuration file...
Package biblatex Info: ... file 'biblatex.cfg' found.

(C:\Users\raymo\AppData\Local\Programs\MiKTeX\tex/latex/biblatex\biblatex.cfg
File: biblatex.cfg 
)
Package biblatex Info: Input encoding 'utf8' detected.
Package biblatex Info: Document encoding is UTF8 ....

(C:\Users\raymo\AppData\Local\Programs\MiKTeX\tex/latex/l3kernel\expl3.sty
Package: expl3 2022-05-04 L3 programming layer (loader) 

(C:\Users\raymo\AppData\Local\Programs\MiKTeX\tex/latex/l3backend\l3backend-pdf
tex.def
File: l3backend-pdftex.def 2022-04-20 L3 backend support: PDF output (pdfTeX)
\l__color_backend_stack_int=\count409
\l__pdf_internal_box=\box54
))
Package biblatex Info: ... and expl3
(biblatex)             2022-05-04 L3 programming layer (loader) 
(biblatex)             is new enough (at least 2020/04/06),
(biblatex)             setting 'casechanger=expl3'.

(C:\Users\raymo\AppData\Local\Programs\MiKTeX\tex/latex/biblatex\blx-case-expl3
.sty
(C:\Users\raymo\AppData\Local\Programs\MiKTeX\tex/latex/l3packages/xparse\xpars
e.sty
Package: xparse 2022-01-12 L3 Experimental document command parser
)
Package: blx-case-expl3 2022/02/02 v3.17 expl3 case changing code for biblatex
))
\c@theorem=\count410
)
(C:\Users\raymo\AppData\Local\Programs\MiKTeX\tex/latex/hyperref\hyperref.sty
Package: hyperref 2022-05-13 v7.00o Hypertext links for LaTeX

(C:\Users\raymo\AppData\Local\Programs\MiKTeX\tex/generic/kvdefinekeys\kvdefine
keys.sty
Package: kvdefinekeys 2019-12-19 v1.6 Define keys (HO)
)
(C:\Users\raymo\AppData\Local\Programs\MiKTeX\tex/generic/pdfescape\pdfescape.s
ty
Package: pdfescape 2019/12/09 v1.15 Implements pdfTeX's escape features (HO)
) (C:\Users\raymo\AppData\Local\Programs\MiKTeX\tex/latex/hycolor\hycolor.sty
Package: hycolor 2020-01-27 v1.10 Color options for hyperref/bookmark (HO)
)
(C:\Users\raymo\AppData\Local\Programs\MiKTeX\tex/latex/letltxmacro\letltxmacro
.sty
Package: letltxmacro 2019/12/03 v1.6 Let assignment for LaTeX macros (HO)
)
(C:\Users\raymo\AppData\Local\Programs\MiKTeX\tex/latex/auxhook\auxhook.sty
Package: auxhook 2019-12-17 v1.6 Hooks for auxiliary files (HO)
)
\@linkdim=\dimen165
\Hy@linkcounter=\count411
\Hy@pagecounter=\count412

(C:\Users\raymo\AppData\Local\Programs\MiKTeX\tex/latex/hyperref\pd1enc.def
File: pd1enc.def 2022-05-13 v7.00o Hyperref: PDFDocEncoding definition (HO)
Now handling font encoding PD1 ...
... no UTF-8 mapping file for font encoding PD1
)
(C:\Users\raymo\AppData\Local\Programs\MiKTeX\tex/generic/intcalc\intcalc.sty
Package: intcalc 2019/12/15 v1.3 Expandable calculations with integers (HO)
)
(C:\Users\raymo\AppData\Local\Programs\MiKTeX\tex/generic/etexcmds\etexcmds.sty
Package: etexcmds 2019/12/15 v1.7 Avoid name clashes with e-TeX commands (HO)
)
\Hy@SavedSpaceFactor=\count413
 (C:\Users\raymo\AppData\Local\Programs\MiKTeX\tex/latex/hyperref\puenc.def
File: puenc.def 2022-05-13 v7.00o Hyperref: PDF Unicode definition (HO)
Now handling font encoding PU ...
... no UTF-8 mapping file for font encoding PU
)
Package hyperref Info: Hyper figures OFF on input line 4142.
Package hyperref Info: Link nesting OFF on input line 4147.
Package hyperref Info: Hyper index ON on input line 4150.
Package hyperref Info: Plain pages OFF on input line 4157.
Package hyperref Info: Backreferencing OFF on input line 4162.
Package hyperref Info: Implicit mode ON; LaTeX internals redefined.
Package hyperref Info: Bookmarks ON on input line 4395.
\c@Hy@tempcnt=\count414
LaTeX Info: Redefining \url on input line 4742.
\XeTeXLinkMargin=\dimen166

(C:\Users\raymo\AppData\Local\Programs\MiKTeX\tex/generic/bitset\bitset.sty
Package: bitset 2019/12/09 v1.3 Handle bit-vector datatype (HO)

(C:\Users\raymo\AppData\Local\Programs\MiKTeX\tex/generic/bigintcalc\bigintcalc
.sty
Package: bigintcalc 2019/12/15 v1.5 Expandable calculations on big integers (HO
)
))
\Fld@menulength=\count415
\Field@Width=\dimen167
\Fld@charsize=\dimen168
Package hyperref Info: Hyper figures OFF on input line 6020.
Package hyperref Info: Link nesting OFF on input line 6025.
Package hyperref Info: Hyper index ON on input line 6028.
Package hyperref Info: backreferencing OFF on input line 6035.
Package hyperref Info: Link coloring OFF on input line 6040.
Package hyperref Info: Link coloring with OCG OFF on input line 6045.
Package hyperref Info: PDF/A mode OFF on input line 6050.
LaTeX Info: Redefining \ref on input line 6097.
LaTeX Info: Redefining \pageref on input line 6097.

(C:\Users\raymo\AppData\Local\Programs\MiKTeX\tex/latex/base\atbegshi-ltx.sty
Package: atbegshi-ltx 2021/01/10 v1.0c Emulation of the original atbegshi
package with kernel methods
)
\Hy@abspage=\count416
\c@Item=\count417
\c@Hfootnote=\count418
)
Package hyperref Info: Driver (autodetected): hpdftex.
(C:\Users\raymo\AppData\Local\Programs\MiKTeX\tex/latex/hyperref\hpdftex.def
File: hpdftex.def 2022-05-13 v7.00o Hyperref driver for pdfTeX

(C:\Users\raymo\AppData\Local\Programs\MiKTeX\tex/latex/base\atveryend-ltx.sty
Package: atveryend-ltx 2020/08/19 v1.0a Emulation of the original atveryend pac
kage
with kernel methods
)
\Fld@listcount=\count419
\c@bookmark@seq@number=\count420

(C:\Users\raymo\AppData\Local\Programs\MiKTeX\tex/latex/rerunfilecheck\rerunfil
echeck.sty
Package: rerunfilecheck 2022-07-10 v1.10 Rerun checks for auxiliary files (HO)

(C:\Users\raymo\AppData\Local\Programs\MiKTeX\tex/generic/uniquecounter\uniquec
ounter.sty
Package: uniquecounter 2019/12/15 v1.4 Provide unlimited unique counter (HO)
)
Package uniquecounter Info: New unique counter `rerunfilecheck' on input line 2
85.
)
\Hy@SectionHShift=\skip79
)
(C:\Users\raymo\AppData\Local\Programs\MiKTeX\tex/latex/wrapfig\wrapfig.sty
\wrapoverhang=\dimen169
\WF@size=\dimen170
\c@WF@wrappedlines=\count421
\WF@box=\box55
\WF@everypar=\toks30
Package: wrapfig 2003/01/31  v 3.6
)
(C:\Users\raymo\AppData\Local\Programs\MiKTeX\tex/latex/caption\subcaption.sty
Package: subcaption 2023/07/28 v1.6b Sub-captions (AR)

(C:\Users\raymo\AppData\Local\Programs\MiKTeX\tex/latex/caption\caption.sty
Package: caption 2023/08/05 v3.6o Customizing captions (AR)

(C:\Users\raymo\AppData\Local\Programs\MiKTeX\tex/latex/caption\caption3.sty
Package: caption3 2023/07/31 v2.4d caption3 kernel (AR)
\caption@tempdima=\dimen171
\captionmargin=\dimen172
\caption@leftmargin=\dimen173
\caption@rightmargin=\dimen174
\caption@width=\dimen175
\caption@indent=\dimen176
\caption@parindent=\dimen177
\caption@hangindent=\dimen178
Package caption Info: AMS or SMF document class detected.

(C:\Users\raymo\AppData\Local\Programs\MiKTeX\tex/latex/caption\caption-ams-smf
.sto
File: caption-ams-smf.sto 2020/08/22 v2.0 Adaption of the caption package to th
e AMS and SMF document classes (AR)
))
\c@caption@flags=\count422
\c@continuedfloat=\count423
Package caption Info: hyperref package is loaded.
Package caption Info: wrapfig package is loaded.
)
Package caption Info: New subtype `subfigure' on input line 238.
\c@subfigure=\count424
Package caption Info: New subtype `subtable' on input line 238.
\c@subtable=\count425
)
(C:\Users\raymo\AppData\Local\Programs\MiKTeX\tex/latex/amsfonts\amssymb.sty
Package: amssymb 2013/01/14 v3.01 AMS font symbols
)
(C:\Users\raymo\AppData\Local\Programs\MiKTeX\tex/latex/physics\physics.sty
Package: physics 
)
(C:\Users\raymo\AppData\Local\Programs\MiKTeX\tex/latex/bbm\bbm.sty
Package: bbm 1999/03/15 V 1.2 provides fonts for set symbols - TH
LaTeX Font Info:    Overwriting math alphabet `\mathbbm' in version `bold'
(Font)                  U/bbm/m/n --> U/bbm/bx/n on input line 33.
LaTeX Font Info:    Overwriting math alphabet `\mathbbmss' in version `bold'
(Font)                  U/bbmss/m/n --> U/bbmss/bx/n on input line 35.
)
(C:\Users\raymo\AppData\Local\Programs\MiKTeX\tex/latex/enumitem\enumitem.sty
Package: enumitem 2019/06/20 v3.9 Customized lists
\labelindent=\skip80
\enit@outerparindent=\dimen179
\enit@toks=\toks31
\enit@inbox=\box56
\enit@count@id=\count426
\enitdp@description=\count427
)
\@quotelevel=\count428
\@quotereset=\count429

(main.aux)
\openout1 = `main.aux'.

LaTeX Font Info:    Checking defaults for OML/cmm/m/it on input line 66.
LaTeX Font Info:    ... okay on input line 66.
LaTeX Font Info:    Checking defaults for OMS/cmsy/m/n on input line 66.
LaTeX Font Info:    ... okay on input line 66.
LaTeX Font Info:    Checking defaults for OT1/cmr/m/n on input line 66.
LaTeX Font Info:    ... okay on input line 66.
LaTeX Font Info:    Checking defaults for T1/cmr/m/n on input line 66.
LaTeX Font Info:    ... okay on input line 66.
LaTeX Font Info:    Checking defaults for TS1/cmr/m/n on input line 66.
LaTeX Font Info:    ... okay on input line 66.
LaTeX Font Info:    Checking defaults for OMX/cmex/m/n on input line 66.
LaTeX Font Info:    ... okay on input line 66.
LaTeX Font Info:    Checking defaults for U/cmr/m/n on input line 66.
LaTeX Font Info:    ... okay on input line 66.
LaTeX Font Info:    Checking defaults for PD1/pdf/m/n on input line 66.
LaTeX Font Info:    ... okay on input line 66.
LaTeX Font Info:    Checking defaults for PU/pdf/m/n on input line 66.
LaTeX Font Info:    ... okay on input line 66.
LaTeX Font Info:    Trying to load font information for U+msa on input line 66.


(C:\Users\raymo\AppData\Local\Programs\MiKTeX\tex/latex/amsfonts\umsa.fd
File: umsa.fd 2013/01/14 v3.01 AMS symbols A
)
LaTeX Font Info:    Trying to load font information for U+msb on input line 66.


(C:\Users\raymo\AppData\Local\Programs\MiKTeX\tex/latex/amsfonts\umsb.fd
File: umsb.fd 2013/01/14 v3.01 AMS symbols B
)
(C:\Users\raymo\AppData\Local\Programs\MiKTeX\tex/context/base/mkii\supp-pdf.mk
ii
[Loading MPS to PDF converter (version 2006.09.02).]
\scratchcounter=\count430
\scratchdimen=\dimen180
\scratchbox=\box57
\nofMPsegments=\count431
\nofMParguments=\count432
\everyMPshowfont=\toks32
\MPscratchCnt=\count433
\MPscratchDim=\dimen181
\MPnumerator=\count434
\makeMPintoPDFobject=\count435
\everyMPtoPDFconversion=\toks33
)
(C:\Users\raymo\AppData\Local\Programs\MiKTeX\tex/latex/epstopdf-pkg\epstopdf-b
ase.sty
Package: epstopdf-base 2020-01-24 v2.11 Base part for package epstopdf
Package epstopdf-base Info: Redefining graphics rule for `.eps' on input line 4
85.

(C:\Users\raymo\AppData\Local\Programs\MiKTeX\tex/latex/00miktex\epstopdf-sys.c
fg
File: epstopdf-sys.cfg 2021/03/18 v2.0 Configuration of epstopdf for MiKTeX
))
*geometry* driver: auto-detecting
*geometry* detected driver: pdftex
*geometry* verbose mode - [ preamble ] result:
* driver: pdftex
* paper: <default>
* layout: <same size as paper>
* layoutoffset:(h,v)=(0.0pt,0.0pt)
* modes: twoside 
* h-part:(L,W,R)=(73.71613pt, 430.00462pt, 110.57425pt)
* v-part:(T,H,B)=(95.39737pt, 556.47656pt, 143.09605pt)
* \paperwidth=614.295pt
* \paperheight=794.96999pt
* \textwidth=390.25755pt
* \textheight=578.15999pt
* \oddsidemargin=36.135pt
* \evensidemargin=36.135pt
* \topmargin=36.135pt
* \headheight=8.0pt
* \headsep=14.0pt
* \topskip=10.0pt
* \footskip=12.0pt
* \marginparwidth=90.0pt
* \marginparsep=11.0pt
* \columnsep=10.0pt
* \skip\footins=7.0pt plus 11.0pt
* \hoffset=0.0pt
* \voffset=0.0pt
* \mag=1000
* \@twocolumnfalse
* \@twosidetrue
* \@mparswitchtrue
* \@reversemarginfalse
* (1in=72.27pt=25.4mm, 1cm=28.453pt)

Package biblatex Info: Trying to load language 'english'...
Package biblatex Info: ... file 'english.lbx' found.

(C:\Users\raymo\AppData\Local\Programs\MiKTeX\tex/latex/biblatex/lbx\english.lb
x
File: english.lbx 2022/02/02 v3.17 biblatex localization (PK/MW)
)
Package biblatex Info: Input encoding 'utf8' detected.
Package biblatex Info: Automatic encoding selection.
(biblatex)             Assuming data encoding 'utf8'.
\openout3 = `main.bcf'.

Package biblatex Info: Trying to load bibliographic data...
Package biblatex Info: ... file 'main.bbl' found.
 (main.bbl)
Package biblatex Info: Reference section=0 on input line 66.
Package biblatex Info: Reference segment=0 on input line 66.
Package hyperref Info: Link coloring OFF on input line 66.

(C:\Users\raymo\AppData\Local\Programs\MiKTeX\tex/latex/hyperref\nameref.sty
Package: nameref 2022-05-13 v2.48 Cross-referencing by name of section

(C:\Users\raymo\AppData\Local\Programs\MiKTeX\tex/latex/refcount\refcount.sty
Package: refcount 2019/12/15 v3.6 Data extraction from label references (HO)
)
(C:\Users\raymo\AppData\Local\Programs\MiKTeX\tex/generic/gettitlestring\gettit
lestring.sty
Package: gettitlestring 2019/12/15 v1.6 Cleanup title references (HO)
)
\c@section@level=\count436
) (main.out) (main.out)
\@outlinefile=\write4
\openout4 = `main.out'.

Package caption Info: Begin \AtBeginDocument code.
Package caption Info: End \AtBeginDocument code.

Underfull \vbox (badness 3536) has occurred while \output is active []

 [1{C:/Users/raymo/AppData/Local/MiKTeX/fonts/map/pdftex/pdftex.map}] [2] [3]
<Inkscape Files/D3e.png, id=104, 786.68906pt x 345.54094pt>
File: Inkscape Files/D3e.png Graphic file (type png)
<use Inkscape Files/D3e.png>
Package pdftex.def Info: Inkscape Files/D3e.png  used on input line 364.
(pdftex.def)             Requested size: 175.6147pt x 77.13701pt.
<Inkscape Files/D3R1.png, id=106, 786.68906pt x 345.54094pt>
File: Inkscape Files/D3R1.png Graphic file (type png)
<use Inkscape Files/D3R1.png>
Package pdftex.def Info: Inkscape Files/D3R1.png  used on input line 369.
(pdftex.def)             Requested size: 175.6147pt x 77.13701pt.
<Inkscape Files/D3R2.png, id=107, 786.68906pt x 345.54094pt>
File: Inkscape Files/D3R2.png Graphic file (type png)
<use Inkscape Files/D3R2.png>
Package pdftex.def Info: Inkscape Files/D3R2.png  used on input line 375.
(pdftex.def)             Requested size: 175.6147pt x 77.13701pt.
<Inkscape Files/D3F1.png, id=108, 786.68906pt x 345.54094pt>
File: Inkscape Files/D3F1.png Graphic file (type png)
<use Inkscape Files/D3F1.png>
Package pdftex.def Info: Inkscape Files/D3F1.png  used on input line 380.
(pdftex.def)             Requested size: 175.6147pt x 77.13701pt.
<Inkscape Files/D3F2.png, id=109, 786.68906pt x 345.54094pt>
File: Inkscape Files/D3F2.png Graphic file (type png)
<use Inkscape Files/D3F2.png>
Package pdftex.def Info: Inkscape Files/D3F2.png  used on input line 386.
(pdftex.def)             Requested size: 175.6147pt x 77.13701pt.
<Inkscape Files/D3F3.png, id=110, 786.68906pt x 345.54094pt>
File: Inkscape Files/D3F3.png Graphic file (type png)
<use Inkscape Files/D3F3.png>
Package pdftex.def Info: Inkscape Files/D3F3.png  used on input line 391.
(pdftex.def)             Requested size: 175.6147pt x 77.13701pt.
<Inkscape Files/D3RF3.png, id=112, 1167.61218pt x 360.59718pt>
File: Inkscape Files/D3RF3.png Graphic file (type png)
<use Inkscape Files/D3RF3.png>
Package pdftex.def Info: Inkscape Files/D3RF3.png  used on input line 406.
(pdftex.def)             Requested size: 263.42206pt x 81.35095pt.
<Inkscape Files/D3F3R.png, id=113, 1194.71344pt x 346.29375pt>
File: Inkscape Files/D3F3R.png Graphic file (type png)
<use Inkscape Files/D3F3R.png>
Package pdftex.def Info: Inkscape Files/D3F3R.png  used on input line 413.
(pdftex.def)             Requested size: 270.44814pt x 78.38829pt.


LaTeX Warning: `!h' float specifier changed to `!ht'.

LaTeX Font Info:    Trying to load font information for U+bbm on input line 439
.
(C:\Users\raymo\AppData\Local\Programs\MiKTeX\tex/latex/bbm\ubbm.fd
File: ubbm.fd 1999/03/15 V 1.2 Font definition for bbm font - TH
) [4]

LaTeX Warning: Text page 5 contains only floats.

[5 <./Inkscape Files/D3e.png> <./Inkscape Files/D3R1.png> <./Inkscape Files/D3R
2.png> <./Inkscape Files/D3F1.png> <./Inkscape Files/D3F2.png> <./Inkscape File
s/D3F3.png> <./Inkscape Files/D3RF3.png> <./Inkscape Files/D3F3R.png>] [6]
[7] [8] [9] [10] [11] [12]
<Inkscape Files/messy-strands.png, id=279, 413.29407pt x 176.91093pt>
File: Inkscape Files/messy-strands.png Graphic file (type png)
<use Inkscape Files/messy-strands.png>
Package pdftex.def Info: Inkscape Files/messy-strands.png  used on input line 1
131.
(pdftex.def)             Requested size: 156.10063pt x 66.81923pt.
<Inkscape Files/unmessy-strands.png, id=280, 411.03563pt x 193.47281pt>
File: Inkscape Files/unmessy-strands.png Graphic file (type png)
<use Inkscape Files/unmessy-strands.png>
Package pdftex.def Info: Inkscape Files/unmessy-strands.png  used on input line
 1135.
(pdftex.def)             Requested size: 156.10063pt x 73.47614pt.
<Inkscape Files/2lines.png, id=282, 551.81157pt x 529.98pt>
File: Inkscape Files/2lines.png Graphic file (type png)
<use Inkscape Files/2lines.png>
Package pdftex.def Info: Inkscape Files/2lines.png  used on input line 1151.
(pdftex.def)             Requested size: 195.12877pt x 187.41234pt.


LaTeX Warning: `!h' float specifier changed to `!ht'.

[13 <./Inkscape Files/messy-strands.png> <./Inkscape Files/unmessy-strands.png>
]
<Inkscape Files/interpolated-paths.png, id=295, 558.58687pt x 514.92375pt>
File: Inkscape Files/interpolated-paths.png Graphic file (type png)
<use Inkscape Files/interpolated-paths.png>
Package pdftex.def Info: Inkscape Files/interpolated-paths.png  used on input l
ine 1169.
(pdftex.def)             Requested size: 195.12877pt x 179.87244pt.
 [14 <./Inkscape Files/2lines.png> <./Inkscape Files/interpolated-paths.png>]
[15]
<Inkscape Files/circles.png, id=315, 444.91219pt x 423.83344pt>
File: Inkscape Files/circles.png Graphic file (type png)
<use Inkscape Files/circles.png>
Package pdftex.def Info: Inkscape Files/circles.png  used on input line 1314.
(pdftex.def)             Requested size: 156.10063pt x 148.70607pt.


LaTeX Warning: `!h' float specifier changed to `!ht'.

<Inkscape Files/squishing.png, id=317, 655.69969pt x 851.43094pt>
File: Inkscape Files/squishing.png Graphic file (type png)
<use Inkscape Files/squishing.png>
Package pdftex.def Info: Inkscape Files/squishing.png  used on input line 1352.

(pdftex.def)             Requested size: 117.07845pt x 152.01674pt.
[16] [17 <./Inkscape Files/circles.png> <./Inkscape Files/squishing.png>]
<Inkscape Files/circlewrapping.png, id=340, 432.11438pt x 523.9575pt>
File: Inkscape Files/circlewrapping.png Graphic file (type png)
<use Inkscape Files/circlewrapping.png>
Package pdftex.def Info: Inkscape Files/circlewrapping.png  used on input line 
1406.
(pdftex.def)             Requested size: 97.56438pt x 118.30109pt.
<Inkscape Files/not-embedding.png, id=346, 532.23843pt x 519.44063pt>
File: Inkscape Files/not-embedding.png Graphic file (type png)
<use Inkscape Files/not-embedding.png>
Package pdftex.def Info: Inkscape Files/not-embedding.png  used on input line 1
437.
(pdftex.def)             Requested size: 156.10063pt x 152.34593pt.


LaTeX Warning: `!h' float specifier changed to `!ht'.

[18 <./Inkscape Files/circlewrapping.png>]
<Inkscape Files/identityonthree.png, id=364, 4095.3pt x 2409.0pt>
File: Inkscape Files/identityonthree.png Graphic file (type png)
<use Inkscape Files/identityonthree.png>
Package pdftex.def Info: Inkscape Files/identityonthree.png  used on input line
 1504.
(pdftex.def)             Requested size: 175.6147pt x 103.29091pt.
<Inkscape Files/threebraid1.png, id=365, 4117.13156pt x 2409.0pt>
File: Inkscape Files/threebraid1.png Graphic file (type png)
<use Inkscape Files/threebraid1.png>
Package pdftex.def Info: Inkscape Files/threebraid1.png  used on input line 150
9.
(pdftex.def)             Requested size: 175.6147pt x 102.73953pt.


LaTeX Warning: `!h' float specifier changed to `!ht'.

<Inkscape Files/notbraid.png, id=367, 2261.44875pt x 941.01563pt>
File: Inkscape Files/notbraid.png Graphic file (type png)
<use Inkscape Files/notbraid.png>
Package pdftex.def Info: Inkscape Files/notbraid.png  used on input line 1525.
(pdftex.def)             Requested size: 115.90634pt x 48.21658pt.
<Inkscape Files/fancynotbraid.png, id=368, 2236.60594pt x 944.02687pt>
File: Inkscape Files/fancynotbraid.png Graphic file (type png)
<use Inkscape Files/fancynotbraid.png>
Package pdftex.def Info: Inkscape Files/fancynotbraid.png  used on input line 1
530.
(pdftex.def)             Requested size: 115.90634pt x 48.91826pt.
<Inkscape Files/notbraid2.png, id=369, 2260.69594pt x 932.73468pt>
File: Inkscape Files/notbraid2.png Graphic file (type png)
<use Inkscape Files/notbraid2.png>
Package pdftex.def Info: Inkscape Files/notbraid2.png  used on input line 1535.

(pdftex.def)             Requested size: 115.90634pt x 47.82074pt.

LaTeX Warning: `!h' float specifier changed to `!ht'.

<Inkscape Files/identityontwo.png, id=372, 1656.1875pt x 772.38562pt>
File: Inkscape Files/identityontwo.png Graphic file (type png)
<use Inkscape Files/identityontwo.png>
Package pdftex.def Info: Inkscape Files/identityontwo.png  used on input line 1
556.
(pdftex.def)             Requested size: 115.90634pt x 54.04893pt.
<Inkscape Files/identityontwo2.png, id=373, 1614.03pt x 922.19531pt>
File: Inkscape Files/identityontwo2.png Graphic file (type png)
<use Inkscape Files/identityontwo2.png>
Package pdftex.def Info: Inkscape Files/identityontwo2.png  used on input line 
1561.
(pdftex.def)             Requested size: 115.90634pt x 66.2207pt.
<Inkscape Files/identityontwo3.png, id=374, 1685.54718pt x 757.32938pt>
File: Inkscape Files/identityontwo3.png Graphic file (type png)
<use Inkscape Files/identityontwo3.png>
Package pdftex.def Info: Inkscape Files/identityontwo3.png  used on input line 
1566.
(pdftex.def)             Requested size: 115.90634pt x 52.07088pt.
[19 <./Inkscape Files/not-embedding.png>] [20 <./Inkscape Files/identityonthree
.png> <./Inkscape Files/threebraid1.png> <./Inkscape Files/notbraid.png> <./Ink
scape Files/fancynotbraid.png> <./Inkscape Files/notbraid2.png> <./Inkscape Fil
es/identityontwo.png> <./Inkscape Files/identityontwo2.png> <./Inkscape Files/i
dentityontwo3.png>]
<Inkscape Files/4braid1.png, id=411, 301.125pt x 240.9pt>
File: Inkscape Files/4braid1.png Graphic file (type png)
<use Inkscape Files/4braid1.png>
Package pdftex.def Info: Inkscape Files/4braid1.png  used on input line 1618.
(pdftex.def)             Requested size: 175.6147pt x 140.49768pt.
<Inkscape Files/4braid2.png, id=412, 301.125pt x 240.9pt>
File: Inkscape Files/4braid2.png Graphic file (type png)
<use Inkscape Files/4braid2.png>
Package pdftex.def Info: Inkscape Files/4braid2.png  used on input line 1623.
(pdftex.def)             Requested size: 175.6147pt x 140.49768pt.
<Inkscape Files/2braid.png, id=414, 283.0575pt x 183.68625pt>
File: Inkscape Files/2braid.png Graphic file (type png)
<use Inkscape Files/2braid.png>
Package pdftex.def Info: Inkscape Files/2braid.png  used on input line 1637.
(pdftex.def)             Requested size: 175.6147pt x 113.96556pt.
<Inkscape Files/2braid2.png, id=415, 280.79906pt x 182.18062pt>
File: Inkscape Files/2braid2.png Graphic file (type png)
<use Inkscape Files/2braid2.png>
Package pdftex.def Info: Inkscape Files/2braid2.png  used on input line 1641.
(pdftex.def)             Requested size: 175.6147pt x 113.93765pt.
 [21 <./Inkscape Files/4braid1.png> <./Inkscape Files/4braid2.png> <./Inkscape 
Files/2braid.png> <./Inkscape Files/2braid2.png>]
<Inkscape Files/productbraid2.png, id=431, 405.01312pt x 188.20313pt>
File: Inkscape Files/productbraid2.png Graphic file (type png)
<use Inkscape Files/productbraid2.png>
Package pdftex.def Info: Inkscape Files/productbraid2.png  used on input line 1
710.
(pdftex.def)             Requested size: 201.95583pt x 93.84573pt.
<Inkscape Files/braidsum.png, id=432, 300.3722pt x 182.93344pt>
File: Inkscape Files/braidsum.png Graphic file (type png)
<use Inkscape Files/braidsum.png>
Package pdftex.def Info: Inkscape Files/braidsum.png  used on input line 1714.
(pdftex.def)             Requested size: 149.27356pt x 90.9138pt.
 [22 <./Inkscape Files/productbraid2.png> <./Inkscape Files/braidsum.png>]
<Inkscape Files/sigma1.png, id=447, 377.15906pt x 191.21437pt>
File: Inkscape Files/sigma1.png Graphic file (type png)
<use Inkscape Files/sigma1.png>
Package pdftex.def Info: Inkscape Files/sigma1.png  used on input line 1738.
(pdftex.def)             Requested size: 175.6147pt x 89.03339pt.
<Inkscape Files/sigma2.png, id=448, 375.65344pt x 222.07968pt>
File: Inkscape Files/sigma2.png Graphic file (type png)
<use Inkscape Files/sigma2.png>
Package pdftex.def Info: Inkscape Files/sigma2.png  used on input line 1743.
(pdftex.def)             Requested size: 175.6147pt x 103.82172pt.
<Inkscape Files/sigma1sigma2.png, id=449, 364.36125pt x 187.45032pt>
File: Inkscape Files/sigma1sigma2.png Graphic file (type png)
<use Inkscape Files/sigma1sigma2.png>
Package pdftex.def Info: Inkscape Files/sigma1sigma2.png  used on input line 17
49.
(pdftex.def)             Requested size: 175.6147pt x 90.34695pt.
<Inkscape Files/sigma2sigma1.png, id=450, 370.38374pt x 219.06844pt>
File: Inkscape Files/sigma2sigma1.png Graphic file (type png)
<use Inkscape Files/sigma2sigma1.png>
Package pdftex.def Info: Inkscape Files/sigma2sigma1.png  used on input line 17
55.
(pdftex.def)             Requested size: 175.6147pt x 103.87138pt.
 [23 <./Inkscape Files/sigma1.png> <./Inkscape Files/sigma2.png> <./Inkscape Fi
les/sigma1sigma2.png> <./Inkscape Files/sigma2sigma1.png>] [24] [25]
<Inkscape Files/alexander-trick.png, id=487, 755.07094pt x 956.82469pt>
File: Inkscape Files/alexander-trick.png Graphic file (type png)
<use Inkscape Files/alexander-trick.png>
Package pdftex.def Info: Inkscape Files/alexander-trick.png  used on input line
 1987.
(pdftex.def)             Requested size: 136.59251pt x 173.08241pt.
 [26 <./Inkscape Files/alexander-trick.png>] [27]
<Inkscape Files/alexander-braid.png, id=514, 739.26187pt x 924.45375pt>
File: Inkscape Files/alexander-braid.png Graphic file (type png)
<use Inkscape Files/alexander-braid.png>
Package pdftex.def Info: Inkscape Files/alexander-braid.png  used on input line
 2158.
(pdftex.def)             Requested size: 156.10063pt x 195.19896pt.
 [28] [29 <./Inkscape Files/alexander-braid.png>]
[30] [31]
LaTeX Font Info:    Trying to load font information for T1+cmtt on input line 2
387.

(C:\Users\raymo\AppData\Local\Programs\MiKTeX\tex/latex/base\t1cmtt.fd
File: t1cmtt.fd 2019/12/16 v2.5j Standard LaTeX font definitions
)
Overfull \hbox (2.45432pt too wide) in paragraph at lines 2388--2388
[]\T1/cmr/m/n/10 Allen Hatcher. \T1/cmr/m/it/10 Al-ge-braic Topol-ogy\T1/cmr/m/
n/10 . Cam-bridge: Cam-bridge Uni-ver-sity Press, 2002.
 []

[32] (main.aux)
Package rerunfilecheck Info: File `main.out' has not changed.
(rerunfilecheck)             Checksum: 97251AB73067E3469F42DB9080AB3468;1390.
Package logreq Info: Writing requests to 'main.run.xml'.
\openout1 = `main.run.xml'.

 ) 
Here is how much of TeX's memory you used:
 21288 strings out of 478614
 369166 string characters out of 2843121
 1072820 words of memory out of 3000000
 38797 multiletter control sequences out of 15000+600000
 484886 words of font info for 72 fonts, out of 8000000 for 9000
 1302 hyphenation exceptions out of 8191
 75i,18n,82p,739b,1464s stack positions out of 10000i,1000n,20000p,200000b,80000s

pdfTeX warning (dest): name{theorem.4.1} has been referenced but does not exist
, replaced by a fixed one


pdfTeX warning (dest): name{theorem.4.4} has been referenced but does not exist
, replaced by a fixed one


pdfTeX warning (dest): name{theorem.3.1} has been referenced but does not exist
, replaced by a fixed one


pdfTeX warning (dest): name{theorem.2.27} has been referenced but does not exis
t, replaced by a fixed one


pdfTeX warning (dest): name{theorem.2.48} has been referenced but does not exis
t, replaced by a fixed one


pdfTeX warning (dest): name{theorem.2.23} has been referenced but does not exis
t, replaced by a fixed one


pdfTeX warning (dest): name{theorem.2.17} has been referenced but does not exis
t, replaced by a fixed one


pdfTeX warning (dest): name{theorem.2.11} has been referenced but does not exis
t, replaced by a fixed one


pdfTeX warning (dest): name{theorem.2.1} has been referenced but does not exist
, replaced by a fixed one


pdfTeX warning (dest): name{theorem.4.8} has been referenced but does not exist
, replaced by a fixed one


pdfTeX warning (dest): name{theorem.5.6} has been referenced but does not exist
, replaced by a fixed one

 <C:\Users\raymo\AppData\Local\MiKTeX\fonts/pk/ljfour/jknappen/ec/dpi600\ectt08
00.pk> <C:\Users\raymo\AppData\Local\MiKTeX\fonts/pk/ljfour/jknappen/ec/dpi600\
ectt1000.pk> <C:\Users\raymo\AppData\Local\MiKTeX\fonts/pk/ljfour/jknappen/ec/d
pi600\ecrm0900.pk> <C:\Users\raymo\AppData\Local\MiKTeX\fonts/pk/ljfour/jknappe
n/ec/dpi600\eccc0900.pk> <C:\Users\raymo\AppData\Local\MiKTeX\fonts/pk/ljfour/p
ublic/bbm/dpi600\bbm10.pk> <C:\Users\raymo\AppData\Local\MiKTeX\fonts/pk/ljfour
/jknappen/ec/dpi600\ecti1000.pk> <C:\Users\raymo\AppData\Local\MiKTeX\fonts/pk/
ljfour/jknappen/ec/dpi600\ecrm0700.pk> <C:\Users\raymo\AppData\Local\MiKTeX\fon
ts/pk/ljfour/jknappen/ec/dpi600\ecti0800.pk> <C:\Users\raymo\AppData\Local\MiKT
eX\fonts/pk/ljfour/jknappen/ec/dpi600\eccc1000.pk> <C:\Users\raymo\AppData\Loca
l\MiKTeX\fonts/pk/ljfour/jknappen/ec/dpi600\ecrm1000.pk> <C:\Users\raymo\AppDat
a\Local\MiKTeX\fonts/pk/ljfour/jknappen/ec/dpi600\eccc0800.pk> <C:\Users\raymo\
AppData\Local\MiKTeX\fonts/pk/ljfour/jknappen/ec/dpi600\ecrm0800.pk> <C:\Users\
raymo\AppData\Local\MiKTeX\fonts/pk/ljfour/jknappen/ec/dpi600\ecbx1000.pk><C:/U
sers/raymo/AppData/Local/Programs/MiKTeX/fonts/type1/public/amsfonts/cm/cmex10.
pfb><C:/Users/raymo/AppData/Local/Programs/MiKTeX/fonts/type1/public/amsfonts/c
m/cmmi10.pfb><C:/Users/raymo/AppData/Local/Programs/MiKTeX/fonts/type1/public/a
msfonts/cm/cmmi5.pfb><C:/Users/raymo/AppData/Local/Programs/MiKTeX/fonts/type1/
public/amsfonts/cm/cmmi7.pfb><C:/Users/raymo/AppData/Local/Programs/MiKTeX/font
s/type1/public/amsfonts/cm/cmmi9.pfb><C:/Users/raymo/AppData/Local/Programs/MiK
TeX/fonts/type1/public/amsfonts/cm/cmr10.pfb><C:/Users/raymo/AppData/Local/Prog
rams/MiKTeX/fonts/type1/public/amsfonts/cm/cmr6.pfb><C:/Users/raymo/AppData/Loc
al/Programs/MiKTeX/fonts/type1/public/amsfonts/cm/cmr7.pfb><C:/Users/raymo/AppD
ata/Local/Programs/MiKTeX/fonts/type1/public/amsfonts/cm/cmr9.pfb><C:/Users/ray
mo/AppData/Local/Programs/MiKTeX/fonts/type1/public/amsfonts/cm/cmsy10.pfb><C:/
Users/raymo/AppData/Local/Programs/MiKTeX/fonts/type1/public/amsfonts/cm/cmsy6.
pfb><C:/Users/raymo/AppData/Local/Programs/MiKTeX/fonts/type1/public/amsfonts/c
m/cmsy7.pfb><C:/Users/raymo/AppData/Local/Programs/MiKTeX/fonts/type1/public/am
sfonts/cm/cmsy9.pfb><C:/Users/raymo/AppData/Local/Programs/MiKTeX/fonts/type1/p
ublic/amsfonts/symbols/msam10.pfb><C:/Users/raymo/AppData/Local/Programs/MiKTeX
/fonts/type1/public/amsfonts/symbols/msbm10.pfb>
Output written on main.pdf (32 pages, 1867211 bytes).
PDF statistics:
 1165 PDF objects out of 1200 (max. 8388607)
 209 named destinations out of 1000 (max. 500000)
 261 words of extra memory for PDF output out of 10000 (max. 10000000)

